<?xml version="1.0" encoding="UTF-8"?>
<!-- Generated by org.testng.reporters.JUnitReportReporter -->
<testsuite hostname="BL-LAPTOP-12" name="com.automation.runner.TestRunner" tests="1" failures="0" timestamp="16 Jun 2016 21:10:45 GMT" time="95.281" errors="0">
  <testcase name="feature" time="95.281" classname="com.automation.runner.TestRunner"/>
</testsuite> <!-- com.automation.runner.TestRunner -->
